<?xml version="1.0" encoding="UTF-8"?>
<testsuite xmlns:xsi="http://www.w3.org/2001/XMLSchema-instance" xsi:noNamespaceSchemaLocation="https://maven.apache.org/surefire/maven-surefire-plugin/xsd/surefire-test-report.xsd" version="3.0.2" name="org.example.springblogdemo.advice.ExceptionAdviceTest" time="1.063" tests="3" errors="0" skipped="0" failures="0">
  <properties>
[...]
</properties>
  <testcase name="testMethodArgumentNotValidExceptionHandler" classname="org.example.springblogdemo.advice.ExceptionAdviceTest" time="1.034">
    <system-out><![CDATA[09:53:45.969 [main] ERROR org.example.springblogdemo.advice.ExceptionAdvice -- 发生异常, e: 方法参数错误信息
]]></system-out>
  </testcase>
  <testcase name="testMethodArgumentNotValidExceptionHandlerWithNullFieldError" classname="org.example.springblogdemo.advice.ExceptionAdviceTest" time="0.004">
    <system-out><![CDATA[09:53:45.998 [main] ERROR org.example.springblogdemo.advice.ExceptionAdvice -- 发生异常, e: 方法参数错误信息
]]></system-out>
  </testcase>
  <testcase name="testHandlerMethodValidationExceptionHandler" classname="org.example.springblogdemo.advice.ExceptionAdviceTest" time="0.006">
    <system-out><![CDATA[09:53:46.005 [main] ERROR org.example.springblogdemo.advice.ExceptionAdvice -- 发生异常, e: 参数校验错误信息
]]></system-out>
  </testcase>
</testsuite>