<?xml version="1.0" encoding="UTF-8"?>
<testsuite xmlns:xsi="http://www.w3.org/2001/XMLSchema-instance" xsi:noNamespaceSchemaLocation="https://maven.apache.org/surefire/maven-surefire-plugin/xsd/surefire-test-report.xsd" version="3.0.2" name="org.example.springblogdemo2.MD5Test" time="0.062" tests="3" errors="0" skipped="0" failures="0">
  <properties>
[...]
</properties>
  <testcase name="encrypt" classname="org.example.springblogdemo2.MD5Test" time="0.047">
    <system-out><![CDATA[盐值：4b9ae5f922354e87b6bd7f9829b7bd85
密文：4ca43f59fd54897f73050ddcad217f0b
]]></system-out>
  </testcase>
  <testcase name="verify" classname="org.example.springblogdemo2.MD5Test" time="0.0">
    <system-out><![CDATA[true
]]></system-out>
  </testcase>
  <testcase name="test" classname="org.example.springblogdemo2.MD5Test" time="0.003">
    <system-out><![CDATA[36625d74b64748a79b5cd15a076fe22975aea363bee5a51828b74017bc391850
true
]]></system-out>
  </testcase>
</testsuite>